Transportation expenses
	111 - Freight shipping expenses
	112 - Maritime passenger transportation expenses
	115 - Air freight expenses
	116 - Air passenger service expenses
	119 - Other transportation-related expenses (Please specify)
Insurance expenses
	121 - Non-life insurance expenses
	122 - Non-life insurance claims payments (Insurance Company Only)
	123 - Life insurance expenses
	129 - Life insurance claims payments (Insurance Company Only)
Travel-related expenses
	131 - Business expenses
	132 - Tourism expenses
	134 - Studying abroad expenses
	135 - Credit card expenses
	139 - Other travel-related expenses (Please specify)
Other service expenses other than those of transportation, insurance and travel
	191 - Cultural and leisure expenses
	192 - Trade commissions and agency fee expenses
	193 - Expenses related to local construction projects
	194 - Financial service expenses
	195 - Intellectual property rights licensing expenses
	196 - Overseas office expenses
	199 - Other service expenses (Please specify)
	19A - Postal and courier delivery service expenses
	19B - Computer and information service expenses
	19C - Leasing expenses
	19D - Professional /technical services and business expenses
	19E - Video-audio expenses
	19F - Outward remittance of service income of foreign government agencies
	19G - Other service expenses of military or government agencies (Official agencies only)
	19H - Processing fee expenses
	19J - Telecommunication expenses
	19K - Repair/maintenance expenses
	19P - Outsourcing R&D and R&D asset purchase expenses
Outflow of domestic funds
	210 - Outward direct investment
	220 - Outward loan investment
	221 - Financing to foreign direct investment enterprises or affiliated enterprises
	250 - Deposits overseas
	262 - Investment in overseas equity securities
	263 - Investments in overseas long-term bonds and notes
	264 - Investments in overseas short-term notes and bills
	266 - Outward remittance of funds for overseas deliverable forward and swap transactions
	267 - Outward remittance of funds for overseas non-deliverable derivative transactions
	268 - Purchase of overseas virtual assets
	270 - Purchase of overseas real estate
	280 - Outward financing
	299 - Other outflows of domestic funds (Please specify)
Outflow of foreign funds
	321 - Repayments of financing offered by foreign equity shareholders or overseas affiliated enterprises
	340 - Repayments of overseas financing (FX for short-term borrowing less than one year only)
	365 - Outward remittance of proceeds from financial derivative transactions by foreigners
	366 - Outward remittance of cash collaterals by foreigners for securities lending
	368 - Sale of local virtual assets by foreigners
	370 - Sale of local real estates by foreigners
	371 - Withdrawal of funds for purchasing local pre-sale home by foreigners
	391 - Installment payments for import financing
	392 - Capital leasing expenses
	399 - Other outflows of foreign funds (Please specify)
Salary expenses
	410 - Outward remittance of non-resident's wages and salaries
Investment income of foreigners (excluding capital gains or losses)
	440 - Interest arising from overseas financing (FX for short-term borrowing less than one year only)
	444 - Import finance related interest
	449 - Other investment income (Please specify)
Other income-related expenses
	450 - Natural resource leasing expenses and goods-related tax expenses
	451 - Carbon emission trading expenses
Transfer payments
	510 - Remittance payments for family support
	511 - Outward remittance by foreign workers
	520 - Donation remittance
	540 - Natural resource and non- R&D asset purchase expenses
	580 - Government donation and membership fee expenses (Official agencies only.)
	581 - Non-goods-related tax expenses
	599 - Other transfer payments (Please specify)
Other overseas transactions
	611 - Return of export receipts
	619 - Other outward remittances (Please specify)
Payments for customs-cleared imported goods
	70A - Payments for imported goods with customs clearance handled by payees
	701 - Prepayments for goods not yet imported
	702 - Fuel and supply payments
	704 - Payments of sample fees
	706 - Payments for imported goods with customs clearance not handled by payees (Supporting document is required; or select 801)
Payments for goods not cleared through R.O.C. customs
	710 - Payments for processing trade
	711 - Payments for merchanting trade
Payments for purchase of foreign goods delivered onshore
	720 - Payments for goods ordered offshore but delivered onshore (Supporting document is required; or select 802)
Other payments for goods
	801 - Payments for imported goods with customs clearance not handled by payees (without proof documents)
	802 - Payments for goods ordered offshore but delivered onshore (without proof documents)
Interest payments for foreign currency deposits
	696 - Interest payments for foreign currency deposits
Converting one foreign currency into another
	694 - Converting one foreign currency into another
Transactions without the flow of funds
	695 - Transactions without the flow of funds
		B - Fundings and repayments of short-term foreign exchange loans of domestic banks
		C - Deposit lodgements or deposit repayments of foreign exchange transactions
		D - Realized gain or loss on foreign exchange transactions
		E - Interest payments and receipts from foreign exchange loans
		F - Fundings and repayments of domestic banks medium and long-term foreign exchange loans
		G - Unrealized gain or loss on valuation
		R - Domestic loans receipts between customers
		S - Investment item in foreign currency charge
		T - Domestic transfer
		L - Foreign currency loans receipts between customers
		P - Domestic service receipts between customers
		N - Other domestic transaction
